<?xml version="1.0" encoding="UTF-8"?>
<!-- Generated by org.testng.reporters.JUnitReportReporter -->
<testsuite hostname="AR-IT26304" failures="0" tests="2" name="tests.LoginTest" time="1.721" errors="0" timestamp="2022-04-01T10:05:10 ART" skipped="0">
  <testcase classname="tests.LoginTest" name="testCorrectLoginCredentials" time="0.787"/>
  <system-out/>
  <testcase classname="tests.LoginTest" name="testIncorrectLoginCredentials" time="0.934"/>
  <system-out/>
</testsuite> <!-- tests.LoginTest -->
